<?xml version="1.0" encoding="UTF-8"?>
<!-- Generated by org.testng.reporters.JUnitXMLReporter -->
<testsuite ignored="0" hostname="LAPTOP-FN2AVR2F" failures="0" tests="3" name="Default test" time="16.203" errors="0" timestamp="2025-12-13T16:44:07 IST">
  <testcase classname="tests.LoginTest" name="loginTest" time="0.437"/>
  <testcase classname="tests.LoginTest" name="loginTest" time="0.417"/>
  <testcase classname="tests.LoginTest" name="loginTest" time="0.441"/>
</testsuite> <!-- Default test -->
