<?xml version="1.0" encoding="UTF-8"?>
<testng-results ignored="0" total="3" passed="3" failed="0" skipped="0">
  <reporter-output>
  </reporter-output>
  <suite started-at="2025-12-13T16:57:45 IST" name="Suite" finished-at="2025-12-13T16:57:59 IST" duration-ms="14038">
    <groups>
    </groups>
    <test started-at="2025-12-13T16:57:45 IST" name="Test" finished-at="2025-12-13T16:57:59 IST" duration-ms="14038">
      <class name="tests.LoginTest">
        <test-method is-config="true" signature="setUp()[pri:0, instance:tests.LoginTest@531f4093]" started-at="2025-12-13T16:57:47 IST" name="setUp" finished-at="2025-12-13T16:57:51 IST" duration-ms="4081" status="PASS">
          <reporter-output>
          </reporter-output>
        </test-method> <!-- setUp -->
        <test-method signature="loginTest(java.lang.String,java.lang.String)[pri:0, instance:tests.LoginTest@531f4093]" started-at="2025-12-13T16:57:51 IST" name="loginTest" data-provider="loginData" finished-at="2025-12-13T16:57:51 IST" duration-ms="520" status="PASS">
          <params>
            <param index="0">
              <value>
                <![CDATA[Admin]]>
              </value>
            </param>
            <param index="1">
              <value>
                <![CDATA[Password123]]>
              </value>
            </param>
          </params>
          <reporter-output>
          </reporter-output>
        </test-method> <!-- loginTest -->
        <test-method is-config="true" signature="tearDown()[pri:0, instance:tests.LoginTest@531f4093]" started-at="2025-12-13T16:57:51 IST" name="tearDown" finished-at="2025-12-13T16:57:51 IST" duration-ms="311" status="PASS">
          <reporter-output>
          </reporter-output>
        </test-method> <!-- tearDown -->
        <test-method is-config="true" signature="setUp()[pri:0, instance:tests.LoginTest@531f4093]" started-at="2025-12-13T16:57:51 IST" name="setUp" finished-at="2025-12-13T16:57:55 IST" duration-ms="3914" status="PASS">
          <reporter-output>
          </reporter-output>
        </test-method> <!-- setUp -->
        <test-method signature="loginTest(java.lang.String,java.lang.String)[pri:0, instance:tests.LoginTest@531f4093]" started-at="2025-12-13T16:57:55 IST" name="loginTest" data-provider="loginData" finished-at="2025-12-13T16:57:56 IST" duration-ms="338" status="PASS">
          <params>
            <param index="0">
              <value>
                <![CDATA[chetan]]>
              </value>
            </param>
            <param index="1">
              <value>
                <![CDATA[ckp@123]]>
              </value>
            </param>
          </params>
          <reporter-output>
          </reporter-output>
        </test-method> <!-- loginTest -->
        <test-method is-config="true" signature="tearDown()[pri:0, instance:tests.LoginTest@531f4093]" started-at="2025-12-13T16:57:56 IST" name="tearDown" finished-at="2025-12-13T16:57:56 IST" duration-ms="281" status="PASS">
          <reporter-output>
          </reporter-output>
        </test-method> <!-- tearDown -->
        <test-method is-config="true" signature="setUp()[pri:0, instance:tests.LoginTest@531f4093]" started-at="2025-12-13T16:57:56 IST" name="setUp" finished-at="2025-12-13T16:57:59 IST" duration-ms="2622" status="PASS">
          <reporter-output>
          </reporter-output>
        </test-method> <!-- setUp -->
        <test-method signature="loginTest(java.lang.String,java.lang.String)[pri:0, instance:tests.LoginTest@531f4093]" started-at="2025-12-13T16:57:59 IST" name="loginTest" data-provider="loginData" finished-at="2025-12-13T16:57:59 IST" duration-ms="337" status="PASS">
          <params>
            <param index="0">
              <value>
                <![CDATA[manali]]>
              </value>
            </param>
            <param index="1">
              <value>
                <![CDATA[ckp@1998]]>
              </value>
            </param>
          </params>
          <reporter-output>
          </reporter-output>
        </test-method> <!-- loginTest -->
        <test-method is-config="true" signature="tearDown()[pri:0, instance:tests.LoginTest@531f4093]" started-at="2025-12-13T16:57:59 IST" name="tearDown" finished-at="2025-12-13T16:57:59 IST" duration-ms="385" status="PASS">
          <reporter-output>
          </reporter-output>
        </test-method> <!-- tearDown -->
      </class> <!-- tests.LoginTest -->
    </test> <!-- Test -->
  </suite> <!-- Suite -->
</testng-results>
