<?xml version="1.0" encoding="UTF-8"?>
<!-- Generated by org.testng.reporters.JUnitReportReporter -->
<testsuite hostname="LAPTOP-FN2AVR2F" failures="0" tests="3" name="tests.LoginTest" time="12.789" errors="0" timestamp="2025-12-13T16:58:00 IST" skipped="0">
  <testcase classname="tests.LoginTest" name="loginTest" time="4.745"/>
  <testcase classname="tests.LoginTest" name="loginTest" time="4.700"/>
  <testcase classname="tests.LoginTest" name="loginTest" time="3.344"/>
</testsuite> <!-- tests.LoginTest -->
